#
# There is insufficient memory for the Java Runtime Environment to continue.
# Native memory allocation (malloc) failed to allocate 3334336 bytes. Error detail: Chunk::new
# Possible reasons:
#   The system is out of physical RAM or swap space
#   This process is running with CompressedOops enabled, and the Java Heap may be blocking the growth of the native heap
# Possible solutions:
#   Reduce memory load on the system
#   Increase physical memory or swap space
#   Check if swap backing store is full
#   Decrease Java heap size (-Xmx/-Xms)
#   Decrease number of Java threads
#   Decrease Java thread stack sizes (-Xss)
#   Set larger code cache with -XX:ReservedCodeCacheSize=
#   JVM is running with Unscaled Compressed Oops mode in which the Java heap is
#     placed in the first 4GB address space. The Java Heap base address is the
#     maximum limit for the native heap growth. Please use -XX:HeapBaseMinAddress
#     to set the Java Heap base and to place the Java Heap above 4GB virtual address.
# This output file may be truncated or incomplete.
#
#  Out of Memory Error (arena.cpp:191), pid=15136, tid=10472
#
# JRE version: OpenJDK Runtime Environment Temurin-17.0.13+11 (17.0.13+11) (build 17.0.13+11)
# Java VM: OpenJDK 64-Bit Server VM Temurin-17.0.13+11 (17.0.13+11, mixed mode, tiered, compressed oops, compressed class ptrs, parallel gc, windows-amd64)
# No core dump will be written. Minidumps are not enabled by default on client versions of Windows
#

---------------  S U M M A R Y ------------

Command Line: --add-modules=ALL-SYSTEM --add-opens=java.base/java.util=ALL-UNNAMED --add-opens=java.base/java.lang=ALL-UNNAMED --add-opens=java.base/sun.nio.fs=ALL-UNNAMED -Declipse.application=org.eclipse.jdt.ls.core.id1 -Dosgi.bundles.defaultStartLevel=4 -Declipse.product=org.eclipse.jdt.ls.core.product -Djava.import.generatesMetadataFilesAtProjectRoot=false -DDetectVMInstallationsJob.disabled=true -Dfile.encoding=utf8 -XX:+UseParallelGC -XX:GCTimeRatio=4 -XX:AdaptiveSizePolicyWeight=90 -Dsun.zip.disableMemoryMapping=true -Xmx1G -Xms100m -Xlog:disable -javaagent:c:\Users\nguye\.vscode\extensions\redhat.java-1.37.2024112308-win32-x64\lombok\lombok-1.18.34.jar -XX:+HeapDumpOnOutOfMemoryError -XX:HeapDumpPath=c:\Users\nguye\AppData\Roaming\Code\User\workspaceStorage\3e5a0063112c3fdc6b55e54afa80c020\redhat.java -Daether.dependencyCollector.impl=bf c:\Users\nguye\.vscode\extensions\redhat.java-1.37.2024112308-win32-x64\server\plugins\org.eclipse.equinox.launcher_1.6.900.v20240613-2009.jar -configuration c:\Users\nguye\AppData\Roaming\Code\User\globalStorage\redhat.java\1.37.2024112308\config_win -data c:\Users\nguye\AppData\Roaming\Code\User\workspaceStorage\3e5a0063112c3fdc6b55e54afa80c020\redhat.java\jdt_ws --pipe=\\.\pipe\lsp-74720cfc191838355848a5ffb1b7bbc5-sock

Host: Intel(R) Core(TM) i3-6100U CPU @ 2.30GHz, 4 cores, 3G,  Windows 10 , 64 bit Build 19041 (10.0.19041.5198)
Time: Sat Nov 23 23:12:30 2024 SE Asia Standard Time elapsed time: 185.582651 seconds (0d 0h 3m 5s)

---------------  T H R E A D  ---------------

Current thread (0x000001b9c25c1040):  JavaThread "C2 CompilerThread0" daemon [_thread_in_native, id=10472, stack(0x0000009829b00000,0x0000009829c00000)]


Current CompileTask:
C2: 185582 9803       4       org.eclipse.jdt.internal.compiler.lookup.BinaryTypeBinding::createMethod (1724 bytes)

Stack: [0x0000009829b00000,0x0000009829c00000]
Native frames: (J=compiled Java code, j=interpreted, Vv=VM code, C=native code)
V  [jvm.dll+0x682a19]
V  [jvm.dll+0x839538]
V  [jvm.dll+0x83afe3]
V  [jvm.dll+0x83b653]
V  [jvm.dll+0x24704f]
V  [jvm.dll+0xace34]
V  [jvm.dll+0xad4cc]
V  [jvm.dll+0x36597e]
V  [jvm.dll+0x1ba793]
V  [jvm.dll+0x2181a7]
V  [jvm.dll+0x21748f]
V  [jvm.dll+0x1a3070]
V  [jvm.dll+0x22788c]
V  [jvm.dll+0x2259eb]
V  [jvm.dll+0x7eec98]
V  [jvm.dll+0x7e8ffc]
V  [jvm.dll+0x6818f7]
C  [ucrtbase.dll+0x21bb2]
C  [KERNEL32.DLL+0x17374]
C  [ntdll.dll+0x4cc91]


---------------  P R O C E S S  ---------------

Threads class SMR info:
_java_thread_list=0x000001b9d3c61140, length=41, elements={
0x000001b9ae7423e0, 0x000001b9c257f250, 0x000001b9c2581a00, 0x000001b9c25b9270,
0x000001b9c25bbf10, 0x000001b9c25bcaa0, 0x000001b9c25be380, 0x000001b9c25c1040,
0x000001b9c25deab0, 0x000001b9c77cad20, 0x000001b9ae7a5910, 0x000001b9c7a86250,
0x000001b9c7fdc1f0, 0x000001b9c8080e50, 0x000001b9c826a270, 0x000001b9c826a750,
0x000001b9c88ff640, 0x000001b9c88fc3a0, 0x000001b9c88fe710, 0x000001b9c88fe200,
0x000001b9c88fdcf0, 0x000001b9c88fec20, 0x000001b9c88ff130, 0x000001b9c8a57c60,
0x000001b9c8a55e00, 0x000001b9c8a5af00, 0x000001b9c8a54ed0, 0x000001b9c8a56820,
0x000001b9c8a56d30, 0x000001b9c8a57750, 0x000001b9c8a57240, 0x000001b9c8a5c850,
0x000001b9c8a58170, 0x000001b9c8a58b90, 0x000001b9c8a558f0, 0x000001b9c8a590a0,
0x000001b9c8a5be30, 0x000001b9c8a5a9f0, 0x000001b9c8a595b0, 0x000001b9c8a59fd0,
0x000001b9c8a5c340
}

Java Threads: ( => current thread )
  0x000001b9ae7423e0 JavaThread "main" [_thread_blocked, id=15040, stack(0x0000009829200000,0x0000009829300000)]
  0x000001b9c257f250 JavaThread "Reference Handler" daemon [_thread_blocked, id=13640, stack(0x0000009829500000,0x0000009829600000)]
  0x000001b9c2581a00 JavaThread "Finalizer" daemon [_thread_blocked, id=8424, stack(0x0000009829600000,0x0000009829700000)]
  0x000001b9c25b9270 JavaThread "Signal Dispatcher" daemon [_thread_blocked, id=2580, stack(0x0000009829700000,0x0000009829800000)]
  0x000001b9c25bbf10 JavaThread "Attach Listener" daemon [_thread_blocked, id=12976, stack(0x0000009829800000,0x0000009829900000)]
  0x000001b9c25bcaa0 JavaThread "Service Thread" daemon [_thread_blocked, id=7552, stack(0x0000009829900000,0x0000009829a00000)]
  0x000001b9c25be380 JavaThread "Monitor Deflation Thread" daemon [_thread_blocked, id=7188, stack(0x0000009829a00000,0x0000009829b00000)]
=>0x000001b9c25c1040 JavaThread "C2 CompilerThread0" daemon [_thread_in_native, id=10472, stack(0x0000009829b00000,0x0000009829c00000)]
  0x000001b9c25deab0 JavaThread "C1 CompilerThread0" daemon [_thread_blocked, id=4948, stack(0x0000009829c00000,0x0000009829d00000)]
  0x000001b9c77cad20 JavaThread "Sweeper thread" daemon [_thread_blocked, id=9684, stack(0x0000009829d00000,0x0000009829e00000)]
  0x000001b9ae7a5910 JavaThread "Common-Cleaner" daemon [_thread_blocked, id=14696, stack(0x0000009829e00000,0x0000009829f00000)]
  0x000001b9c7a86250 JavaThread "Notification Thread" daemon [_thread_blocked, id=13448, stack(0x0000009829f00000,0x000000982a000000)]
  0x000001b9c7fdc1f0 JavaThread "Active Thread: Equinox Container: ca90cd34-ee77-42fa-9b7c-cd56dee4a287" [_thread_blocked, id=6832, stack(0x000000982a400000,0x000000982a500000)]
  0x000001b9c8080e50 JavaThread "Refresh Thread: Equinox Container: ca90cd34-ee77-42fa-9b7c-cd56dee4a287" daemon [_thread_blocked, id=8960, stack(0x000000982a600000,0x000000982a700000)]
  0x000001b9c826a270 JavaThread "Framework Event Dispatcher: Equinox Container: ca90cd34-ee77-42fa-9b7c-cd56dee4a287" daemon [_thread_blocked, id=1064, stack(0x000000982a700000,0x000000982a800000)]
  0x000001b9c826a750 JavaThread "Start Level: Equinox Container: ca90cd34-ee77-42fa-9b7c-cd56dee4a287" daemon [_thread_blocked, id=11268, stack(0x000000982a500000,0x000000982a600000)]
  0x000001b9c88ff640 JavaThread "Bundle File Closer" daemon [_thread_blocked, id=13704, stack(0x000000982a900000,0x000000982aa00000)]
  0x000001b9c88fc3a0 JavaThread "SCR Component Actor" daemon [_thread_blocked, id=1548, stack(0x000000982a800000,0x000000982a900000)]
  0x000001b9c88fe710 JavaThread "Worker-JM" [_thread_blocked, id=5880, stack(0x000000982ab00000,0x000000982ac00000)]
  0x000001b9c88fe200 JavaThread "JNA Cleaner" daemon [_thread_blocked, id=12404, stack(0x000000982ac00000,0x000000982ad00000)]
  0x000001b9c88fdcf0 JavaThread "Worker-1" [_thread_blocked, id=5524, stack(0x000000982ae00000,0x000000982af00000)]
  0x000001b9c88fec20 JavaThread "Java indexing" daemon [_thread_blocked, id=12524, stack(0x000000982b100000,0x000000982b200000)]
  0x000001b9c88ff130 JavaThread "Worker-4" [_thread_blocked, id=5316, stack(0x000000982b200000,0x000000982b300000)]
  0x000001b9c8a57c60 JavaThread "Thread-2" daemon [_thread_in_native, id=11472, stack(0x000000982b400000,0x000000982b500000)]
  0x000001b9c8a55e00 JavaThread "Thread-3" daemon [_thread_in_native, id=14964, stack(0x000000982b500000,0x000000982b600000)]
  0x000001b9c8a5af00 JavaThread "Thread-4" daemon [_thread_in_native, id=15336, stack(0x000000982b600000,0x000000982b700000)]
  0x000001b9c8a54ed0 JavaThread "Thread-5" daemon [_thread_in_native, id=12044, stack(0x000000982b700000,0x000000982b800000)]
  0x000001b9c8a56820 JavaThread "Thread-6" daemon [_thread_in_native, id=12116, stack(0x000000982b800000,0x000000982b900000)]
  0x000001b9c8a56d30 JavaThread "pool-2-thread-1" [_thread_blocked, id=12960, stack(0x000000982b900000,0x000000982ba00000)]
  0x000001b9c8a57750 JavaThread "ForkJoinPool.commonPool-worker-1" daemon [_thread_blocked, id=10884, stack(0x000000982ba00000,0x000000982bb00000)]
  0x000001b9c8a57240 JavaThread "WorkspaceEventsHandler" [_thread_blocked, id=5088, stack(0x000000982bb00000,0x000000982bc00000)]
  0x000001b9c8a5c850 JavaThread "pool-1-thread-1" [_thread_blocked, id=14880, stack(0x000000982bc00000,0x000000982bd00000)]
  0x000001b9c8a58170 JavaThread "Compiler Source File Reader" daemon [_thread_blocked, id=7688, stack(0x000000982bd00000,0x000000982be00000)]
  0x000001b9c8a58b90 JavaThread "Compiler Source File Reader" daemon [_thread_blocked, id=7248, stack(0x000000982be00000,0x000000982bf00000)]
  0x000001b9c8a558f0 JavaThread "Compiler Class File Writer" daemon [_thread_blocked, id=4980, stack(0x000000982c000000,0x000000982c100000)]
  0x000001b9c8a590a0 JavaThread "Compiler Class File Writer" daemon [_thread_blocked, id=12928, stack(0x000000982c100000,0x000000982c200000)]
  0x000001b9c8a5be30 JavaThread "ForkJoinPool.commonPool-worker-3" daemon [_thread_blocked, id=12372, stack(0x000000982c300000,0x000000982c400000)]
  0x000001b9c8a5a9f0 JavaThread "ForkJoinPool.commonPool-worker-4" daemon [_thread_blocked, id=8452, stack(0x0000009829100000,0x0000009829200000)]
  0x000001b9c8a595b0 JavaThread "Cleaner-0" daemon [_thread_blocked, id=9728, stack(0x000000982aa00000,0x000000982ab00000)]
  0x000001b9c8a59fd0 JavaThread "Worker-5" [_thread_blocked, id=13032, stack(0x000000982ad00000,0x000000982ae00000)]
  0x000001b9c8a5c340 JavaThread "Compiler Processing Task" daemon [_thread_blocked, id=8388, stack(0x0000009829000000,0x0000009829100000)]

Other Threads:
  0x000001b9c256cae0 VMThread "VM Thread" [stack: 0x0000009829400000,0x0000009829500000] [id=5908]
  0x000001b9c7a45ab0 WatcherThread [stack: 0x000000982a000000,0x000000982a100000] [id=2960]
  0x000001b9ae757780 GCTaskThread "GC Thread#0" [stack: 0x0000009829300000,0x0000009829400000] [id=10060]
  0x000001b9c7e79050 GCTaskThread "GC Thread#1" [stack: 0x000000982a100000,0x000000982a200000] [id=14832]
  0x000001b9c7f7ea50 GCTaskThread "GC Thread#2" [stack: 0x000000982a200000,0x000000982a300000] [id=15096]
  0x000001b9c7f7ed10 GCTaskThread "GC Thread#3" [stack: 0x000000982a300000,0x000000982a400000] [id=3768]

Threads with active compile tasks:
C2 CompilerThread0   185654 9803       4       org.eclipse.jdt.internal.compiler.lookup.BinaryTypeBinding::createMethod (1724 bytes)

VM state: not at safepoint (normal execution)

VM Mutex/Monitor currently owned by a thread: None

Heap address: 0x00000000c0000000, size: 1024 MB, Compressed Oops mode: 32-bit

CDS archive(s) not mapped
Compressed class space mapped at: 0x0000000100000000-0x0000000140000000, reserved size: 1073741824
Narrow klass base: 0x0000000000000000, Narrow klass shift: 3, Narrow klass range: 0x140000000

GC Precious Log:
 CPUs: 4 total, 4 available
 Memory: 3894M
 Large Page Support: Disabled
 NUMA Support: Disabled
 Compressed Oops: Enabled (32-bit)
 Alignments: Space 512K, Generation 512K, Heap 2M
 Heap Min Capacity: 100M
 Heap Initial Capacity: 100M
 Heap Max Capacity: 1G
 Pre-touch: Disabled
 Parallel Workers: 4

Heap:
 PSYoungGen      total 13824K, used 4942K [0x00000000eab00000, 0x00000000ebe00000, 0x0000000100000000)
  eden space 12800K, 31% used [0x00000000eab00000,0x00000000eaefaef0,0x00000000eb780000)
  from space 1024K, 84% used [0x00000000ebd00000,0x00000000ebdd8bc8,0x00000000ebe00000)
  to   space 1536K, 0% used [0x00000000ebb00000,0x00000000ebb00000,0x00000000ebc80000)
 ParOldGen       total 116224K, used 83304K [0x00000000c0000000, 0x00000000c7180000, 0x00000000eab00000)
  object space 116224K, 71% used [0x00000000c0000000,0x00000000c515a098,0x00000000c7180000)
 Metaspace       used 71800K, committed 72960K, reserved 1114112K
  class space    used 7467K, committed 8000K, reserved 1048576K

Card table byte_map: [0x000001b9ae0e0000,0x000001b9ae2f0000] _byte_map_base: 0x000001b9adae0000

Marking Bits: (ParMarkBitMap*) 0x00007ff9681c6940
 Begin Bits: [0x000001b9c03e0000, 0x000001b9c13e0000)
 End Bits:   [0x000001b9c13e0000, 0x000001b9c23e0000)

Polling page: 0x000001b9ac620000

Metaspace:

Usage:
  Non-class:     62.82 MB used.
      Class:      7.29 MB used.
       Both:     70.12 MB used.

Virtual space:
  Non-class space:       64.00 MB reserved,      63.44 MB (>99%) committed,  1 nodes.
      Class space:        1.00 GB reserved,       7.81 MB ( <1%) committed,  1 nodes.
             Both:        1.06 GB reserved,      71.25 MB (  7%) committed. 

Chunk freelists:
   Non-Class:  544.00 KB
       Class:  8.20 MB
        Both:  8.73 MB

MaxMetaspaceSize: unlimited
CompressedClassSpaceSize: 1.00 GB
Initial GC threshold: 21.00 MB
Current GC threshold: 114.62 MB
CDS: off
MetaspaceReclaimPolicy: balanced
 - commit_granule_bytes: 65536.
 - commit_granule_words: 8192.
 - virtual_space_node_default_size: 8388608.
 - enlarge_chunks_in_place: 1.
 - new_chunks_are_fully_committed: 0.
 - uncommit_free_chunks: 1.
 - use_allocation_guard: 0.
 - handle_deallocations: 1.


Internal statistics:

num_allocs_failed_limit: 9.
num_arena_births: 726.
num_arena_deaths: 22.
num_vsnodes_births: 2.
num_vsnodes_deaths: 0.
num_space_committed: 1140.
num_space_uncommitted: 0.
num_chunks_returned_to_freelist: 35.
num_chunks_taken_from_freelist: 3769.
num_chunk_merges: 12.
num_chunk_splits: 2280.
num_chunks_enlarged: 1233.
num_inconsistent_stats: 0.

CodeHeap 'non-profiled nmethods': size=120000Kb used=5453Kb max_used=5453Kb free=114546Kb
 bounds [0x000001b9b8eb0000, 0x000001b9b9410000, 0x000001b9c03e0000]
CodeHeap 'profiled nmethods': size=120000Kb used=18712Kb max_used=18712Kb free=101287Kb
 bounds [0x000001b9b13e0000, 0x000001b9b2630000, 0x000001b9b8910000]
CodeHeap 'non-nmethods': size=5760Kb used=1386Kb max_used=1530Kb free=4373Kb
 bounds [0x000001b9b8910000, 0x000001b9b8b80000, 0x000001b9b8eb0000]
 total_blobs=9111 nmethods=8372 adapters=647
 compilation: enabled
              stopped_count=0, restarted_count=0
 full_count=0

Compilation events (20 events):
Event: 183.146 Thread 0x000001b9c25deab0 9864       2       org.eclipse.jdt.internal.compiler.lookup.ParameterizedTypeBinding::problemId (8 bytes)
Event: 183.147 Thread 0x000001b9c25deab0 nmethod 9864 0x000001b9b2622590 code [0x000001b9b2622720, 0x000001b9b2622848]
Event: 183.151 Thread 0x000001b9c25deab0 9865       3       org.eclipse.jdt.internal.compiler.lookup.TypeSystem::getArrayType (256 bytes)
Event: 183.153 Thread 0x000001b9c25deab0 nmethod 9865 0x000001b9b2622910 code [0x000001b9b2622be0, 0x000001b9b26240d8]
Event: 183.158 Thread 0x000001b9c25deab0 9866       2       org.eclipse.jface.text.AbstractDocument::getLineOffset (11 bytes)
Event: 183.159 Thread 0x000001b9c25deab0 nmethod 9866 0x000001b9b2624790 code [0x000001b9b2624960, 0x000001b9b2624ba8]
Event: 183.159 Thread 0x000001b9c25deab0 9867       2       org.eclipse.jface.text.AbstractLineTracker::getLineOffset (15 bytes)
Event: 183.159 Thread 0x000001b9c25deab0 nmethod 9867 0x000001b9b2624d90 code [0x000001b9b2624f40, 0x000001b9b26250d8]
Event: 183.159 Thread 0x000001b9c25deab0 9868       2       org.eclipse.jdt.ls.core.internal.handlers.JsonRpcHelpers::toDocument (52 bytes)
Event: 183.159 Thread 0x000001b9c25deab0 nmethod 9868 0x000001b9b2625210 code [0x000001b9b26253e0, 0x000001b9b2625778]
Event: 183.159 Thread 0x000001b9c25deab0 9869       2       org.eclipse.lsp4j.jsonrpc.json.adapters.CollectionTypeAdapter::write (10 bytes)
Event: 183.160 Thread 0x000001b9c25deab0 nmethod 9869 0x000001b9b2625910 code [0x000001b9b2625ac0, 0x000001b9b2625c28]
Event: 183.273 Thread 0x000001b9c25deab0 9870       2       java.util.Date::<init> (10 bytes)
Event: 183.273 Thread 0x000001b9c25deab0 nmethod 9870 0x000001b9b2625d10 code [0x000001b9b2625ea0, 0x000001b9b2625fb8]
Event: 183.273 Thread 0x000001b9c25deab0 9871       1       org.eclipse.core.runtime.Status::getMessage (5 bytes)
Event: 183.274 Thread 0x000001b9c25deab0 nmethod 9871 0x000001b9b93f0010 code [0x000001b9b93f01a0, 0x000001b9b93f0278]
Event: 183.274 Thread 0x000001b9c25deab0 9872       1       org.eclipse.osgi.internal.log.ExtendedLogEntryImpl::getContext (5 bytes)
Event: 183.274 Thread 0x000001b9c25deab0 nmethod 9872 0x000001b9b93f0310 code [0x000001b9b93f04a0, 0x000001b9b93f0578]
Event: 184.241 Thread 0x000001b9c25c1040 nmethod 9752 0x000001b9b93f0610 code [0x000001b9b93f0da0, 0x000001b9b93fd3c8]
Event: 184.243 Thread 0x000001b9c25c1040 9803       4       org.eclipse.jdt.internal.compiler.lookup.BinaryTypeBinding::createMethod (1724 bytes)

GC Heap History (20 events):
Event: 48.148 GC heap before
{Heap before GC invocations=40 (full 4):
 PSYoungGen      total 13312K, used 12800K [0x00000000eab00000, 0x00000000ebc00000, 0x0000000100000000)
  eden space 12800K, 100% used [0x00000000eab00000,0x00000000eb780000,0x00000000eb780000)
  from space 512K, 0% used [0x00000000ebb80000,0x00000000ebb80000,0x00000000ebc00000)
  to   space 2048K, 0% used [0x00000000eb800000,0x00000000eb800000,0x00000000eba00000)
 ParOldGen       total 96256K, used 59687K [0x00000000c0000000, 0x00000000c5e00000, 0x00000000eab00000)
  object space 96256K, 62% used [0x00000000c0000000,0x00000000c3a49df0,0x00000000c5e00000)
 Metaspace       used 67669K, committed 68800K, reserved 1114112K
  class space    used 7127K, committed 7616K, reserved 1048576K
}
Event: 48.160 GC heap after
{Heap after GC invocations=40 (full 4):
 PSYoungGen      total 14848K, used 2048K [0x00000000eab00000, 0x00000000ec880000, 0x0000000100000000)
  eden space 12800K, 0% used [0x00000000eab00000,0x00000000eab00000,0x00000000eb780000)
  from space 2048K, 100% used [0x00000000eb800000,0x00000000eba00000,0x00000000eba00000)
  to   space 8704K, 0% used [0x00000000ec000000,0x00000000ec000000,0x00000000ec880000)
 ParOldGen       total 96256K, used 64983K [0x00000000c0000000, 0x00000000c5e00000, 0x00000000eab00000)
  object space 96256K, 67% used [0x00000000c0000000,0x00000000c3f75fc8,0x00000000c5e00000)
 Metaspace       used 67669K, committed 68800K, reserved 1114112K
  class space    used 7127K, committed 7616K, reserved 1048576K
}
Event: 48.396 GC heap before
{Heap before GC invocations=41 (full 4):
 PSYoungGen      total 14848K, used 14848K [0x00000000eab00000, 0x00000000ec880000, 0x0000000100000000)
  eden space 12800K, 100% used [0x00000000eab00000,0x00000000eb780000,0x00000000eb780000)
  from space 2048K, 100% used [0x00000000eb800000,0x00000000eba00000,0x00000000eba00000)
  to   space 8704K, 0% used [0x00000000ec000000,0x00000000ec000000,0x00000000ec880000)
 ParOldGen       total 96256K, used 64983K [0x00000000c0000000, 0x00000000c5e00000, 0x00000000eab00000)
  object space 96256K, 67% used [0x00000000c0000000,0x00000000c3f75fc8,0x00000000c5e00000)
 Metaspace       used 67718K, committed 68864K, reserved 1114112K
  class space    used 7127K, committed 7616K, reserved 1048576K
}
Event: 48.409 GC heap after
{Heap after GC invocations=41 (full 4):
 PSYoungGen      total 19968K, used 7041K [0x00000000eab00000, 0x00000000ec700000, 0x0000000100000000)
  eden space 12800K, 0% used [0x00000000eab00000,0x00000000eab00000,0x00000000eb780000)
  from space 7168K, 98% used [0x00000000ec000000,0x00000000ec6e0788,0x00000000ec700000)
  to   space 7680K, 0% used [0x00000000eb800000,0x00000000eb800000,0x00000000ebf80000)
 ParOldGen       total 96256K, used 67047K [0x00000000c0000000, 0x00000000c5e00000, 0x00000000eab00000)
  object space 96256K, 69% used [0x00000000c0000000,0x00000000c4179fc8,0x00000000c5e00000)
 Metaspace       used 67718K, committed 68864K, reserved 1114112K
  class space    used 7127K, committed 7616K, reserved 1048576K
}
Event: 48.556 GC heap before
{Heap before GC invocations=42 (full 4):
 PSYoungGen      total 19968K, used 19841K [0x00000000eab00000, 0x00000000ec700000, 0x0000000100000000)
  eden space 12800K, 100% used [0x00000000eab00000,0x00000000eb780000,0x00000000eb780000)
  from space 7168K, 98% used [0x00000000ec000000,0x00000000ec6e0788,0x00000000ec700000)
  to   space 7680K, 0% used [0x00000000eb800000,0x00000000eb800000,0x00000000ebf80000)
 ParOldGen       total 96256K, used 67047K [0x00000000c0000000, 0x00000000c5e00000, 0x00000000eab00000)
  object space 96256K, 69% used [0x00000000c0000000,0x00000000c4179fc8,0x00000000c5e00000)
 Metaspace       used 67739K, committed 68864K, reserved 1114112K
  class space    used 7133K, committed 7616K, reserved 1048576K
}
Event: 48.573 GC heap after
{Heap after GC invocations=42 (full 4):
 PSYoungGen      total 20480K, used 7680K [0x00000000eab00000, 0x00000000edb80000, 0x0000000100000000)
  eden space 12800K, 0% used [0x00000000eab00000,0x00000000eab00000,0x00000000eb780000)
  from space 7680K, 100% used [0x00000000eb800000,0x00000000ebf80000,0x00000000ebf80000)
  to   space 18432K, 0% used [0x00000000ec980000,0x00000000ec980000,0x00000000edb80000)
 ParOldGen       total 96256K, used 75937K [0x00000000c0000000, 0x00000000c5e00000, 0x00000000eab00000)
  object space 96256K, 78% used [0x00000000c0000000,0x00000000c4a28760,0x00000000c5e00000)
 Metaspace       used 67739K, committed 68864K, reserved 1114112K
  class space    used 7133K, committed 7616K, reserved 1048576K
}
Event: 48.753 GC heap before
{Heap before GC invocations=43 (full 4):
 PSYoungGen      total 20480K, used 20480K [0x00000000eab00000, 0x00000000edb80000, 0x0000000100000000)
  eden space 12800K, 100% used [0x00000000eab00000,0x00000000eb780000,0x00000000eb780000)
  from space 7680K, 100% used [0x00000000eb800000,0x00000000ebf80000,0x00000000ebf80000)
  to   space 18432K, 0% used [0x00000000ec980000,0x00000000ec980000,0x00000000edb80000)
 ParOldGen       total 96256K, used 75937K [0x00000000c0000000, 0x00000000c5e00000, 0x00000000eab00000)
  object space 96256K, 78% used [0x00000000c0000000,0x00000000c4a28760,0x00000000c5e00000)
 Metaspace       used 67739K, committed 68864K, reserved 1114112K
  class space    used 7133K, committed 7616K, reserved 1048576K
}
Event: 48.772 GC heap after
{Heap after GC invocations=43 (full 4):
 PSYoungGen      total 23040K, used 9824K [0x00000000eab00000, 0x00000000ed380000, 0x0000000100000000)
  eden space 12800K, 0% used [0x00000000eab00000,0x00000000eab00000,0x00000000eb780000)
  from space 10240K, 95% used [0x00000000ec980000,0x00000000ed318000,0x00000000ed380000)
  to   space 12288K, 0% used [0x00000000ebb80000,0x00000000ebb80000,0x00000000ec780000)
 ParOldGen       total 96256K, used 83649K [0x00000000c0000000, 0x00000000c5e00000, 0x00000000eab00000)
  object space 96256K, 86% used [0x00000000c0000000,0x00000000c51b0760,0x00000000c5e00000)
 Metaspace       used 67739K, committed 68864K, reserved 1114112K
  class space    used 7133K, committed 7616K, reserved 1048576K
}
Event: 172.197 GC heap before
{Heap before GC invocations=44 (full 4):
 PSYoungGen      total 23040K, used 22624K [0x00000000eab00000, 0x00000000ed380000, 0x0000000100000000)
  eden space 12800K, 100% used [0x00000000eab00000,0x00000000eb780000,0x00000000eb780000)
  from space 10240K, 95% used [0x00000000ec980000,0x00000000ed318000,0x00000000ed380000)
  to   space 12288K, 0% used [0x00000000ebb80000,0x00000000ebb80000,0x00000000ec780000)
 ParOldGen       total 96256K, used 83649K [0x00000000c0000000, 0x00000000c5e00000, 0x00000000eab00000)
  object space 96256K, 86% used [0x00000000c0000000,0x00000000c51b0760,0x00000000c5e00000)
 Metaspace       used 68505K, committed 69632K, reserved 1114112K
  class space    used 7213K, committed 7744K, reserved 1048576K
}
Event: 172.269 GC heap after
{Heap after GC invocations=44 (full 4):
 PSYoungGen      total 17920K, used 4689K [0x00000000eab00000, 0x00000000eca00000, 0x0000000100000000)
  eden space 12800K, 0% used [0x00000000eab00000,0x00000000eab00000,0x00000000eb780000)
  from space 5120K, 91% used [0x00000000ebb80000,0x00000000ec014690,0x00000000ec080000)
  to   space 7168K, 0% used [0x00000000ec300000,0x00000000ec300000,0x00000000eca00000)
 ParOldGen       total 96256K, used 93449K [0x00000000c0000000, 0x00000000c5e00000, 0x00000000eab00000)
  object space 96256K, 97% used [0x00000000c0000000,0x00000000c5b42760,0x00000000c5e00000)
 Metaspace       used 68505K, committed 69632K, reserved 1114112K
  class space    used 7213K, committed 7744K, reserved 1048576K
}
Event: 172.862 GC heap before
{Heap before GC invocations=45 (full 5):
 PSYoungGen      total 17920K, used 17469K [0x00000000eab00000, 0x00000000eca00000, 0x0000000100000000)
  eden space 12800K, 99% used [0x00000000eab00000,0x00000000eb77adf0,0x00000000eb780000)
  from space 5120K, 91% used [0x00000000ebb80000,0x00000000ec014690,0x00000000ec080000)
  to   space 7168K, 0% used [0x00000000ec300000,0x00000000ec300000,0x00000000eca00000)
 ParOldGen       total 96256K, used 93449K [0x00000000c0000000, 0x00000000c5e00000, 0x00000000eab00000)
  object space 96256K, 97% used [0x00000000c0000000,0x00000000c5b42760,0x00000000c5e00000)
 Metaspace       used 69272K, committed 70400K, reserved 1114112K
  class space    used 7279K, committed 7808K, reserved 1048576K
}
Event: 173.193 GC heap after
{Heap after GC invocations=45 (full 5):
 PSYoungGen      total 15360K, used 0K [0x00000000eab00000, 0x00000000ec580000, 0x0000000100000000)
  eden space 12800K, 0% used [0x00000000eab00000,0x00000000eab00000,0x00000000eb780000)
  from space 2560K, 0% used [0x00000000ec300000,0x00000000ec300000,0x00000000ec580000)
  to   space 7168K, 0% used [0x00000000eb780000,0x00000000eb780000,0x00000000ebe80000)
 ParOldGen       total 116224K, used 81442K [0x00000000c0000000, 0x00000000c7180000, 0x00000000eab00000)
  object space 116224K, 70% used [0x00000000c0000000,0x00000000c4f88af8,0x00000000c7180000)
 Metaspace       used 69272K, committed 70400K, reserved 1114112K
  class space    used 7279K, committed 7808K, reserved 1048576K
}
Event: 173.354 GC heap before
{Heap before GC invocations=46 (full 5):
 PSYoungGen      total 15360K, used 12800K [0x00000000eab00000, 0x00000000ec580000, 0x0000000100000000)
  eden space 12800K, 100% used [0x00000000eab00000,0x00000000eb780000,0x00000000eb780000)
  from space 2560K, 0% used [0x00000000ec300000,0x00000000ec300000,0x00000000ec580000)
  to   space 7168K, 0% used [0x00000000eb780000,0x00000000eb780000,0x00000000ebe80000)
 ParOldGen       total 116224K, used 81442K [0x00000000c0000000, 0x00000000c7180000, 0x00000000eab00000)
  object space 116224K, 70% used [0x00000000c0000000,0x00000000c4f88af8,0x00000000c7180000)
 Metaspace       used 69719K, committed 70912K, reserved 1114112K
  class space    used 7312K, committed 7808K, reserved 1048576K
}
Event: 173.358 GC heap after
{Heap after GC invocations=46 (full 5):
 PSYoungGen      total 19968K, used 4454K [0x00000000eab00000, 0x00000000ec380000, 0x0000000100000000)
  eden space 12800K, 0% used [0x00000000eab00000,0x00000000eab00000,0x00000000eb780000)
  from space 7168K, 62% used [0x00000000eb780000,0x00000000ebbd9870,0x00000000ebe80000)
  to   space 5120K, 0% used [0x00000000ebe80000,0x00000000ebe80000,0x00000000ec380000)
 ParOldGen       total 116224K, used 81442K [0x00000000c0000000, 0x00000000c7180000, 0x00000000eab00000)
  object space 116224K, 70% used [0x00000000c0000000,0x00000000c4f88af8,0x00000000c7180000)
 Metaspace       used 69719K, committed 70912K, reserved 1114112K
  class space    used 7312K, committed 7808K, reserved 1048576K
}
Event: 175.161 GC heap before
{Heap before GC invocations=47 (full 5):
 PSYoungGen      total 19968K, used 17254K [0x00000000eab00000, 0x00000000ec380000, 0x0000000100000000)
  eden space 12800K, 99% used [0x00000000eab00000,0x00000000eb77fff8,0x00000000eb780000)
  from space 7168K, 62% used [0x00000000eb780000,0x00000000ebbd9870,0x00000000ebe80000)
  to   space 5120K, 0% used [0x00000000ebe80000,0x00000000ebe80000,0x00000000ec380000)
 ParOldGen       total 116224K, used 81442K [0x00000000c0000000, 0x00000000c7180000, 0x00000000eab00000)
  object space 116224K, 70% used [0x00000000c0000000,0x00000000c4f88af8,0x00000000c7180000)
 Metaspace       used 70724K, committed 71936K, reserved 1114112K
  class space    used 7412K, committed 7936K, reserved 1048576K
}
Event: 175.165 GC heap after
{Heap after GC invocations=47 (full 5):
 PSYoungGen      total 13312K, used 480K [0x00000000eab00000, 0x00000000ebf00000, 0x0000000100000000)
  eden space 12800K, 0% used [0x00000000eab00000,0x00000000eab00000,0x00000000eb780000)
  from space 512K, 93% used [0x00000000ebe80000,0x00000000ebef8000,0x00000000ebf00000)
  to   space 2048K, 0% used [0x00000000ebb00000,0x00000000ebb00000,0x00000000ebd00000)
 ParOldGen       total 116224K, used 81861K [0x00000000c0000000, 0x00000000c7180000, 0x00000000eab00000)
  object space 116224K, 70% used [0x00000000c0000000,0x00000000c4ff17c8,0x00000000c7180000)
 Metaspace       used 70724K, committed 71936K, reserved 1114112K
  class space    used 7412K, committed 7936K, reserved 1048576K
}
Event: 177.360 GC heap before
{Heap before GC invocations=48 (full 5):
 PSYoungGen      total 13312K, used 13280K [0x00000000eab00000, 0x00000000ebf00000, 0x0000000100000000)
  eden space 12800K, 100% used [0x00000000eab00000,0x00000000eb780000,0x00000000eb780000)
  from space 512K, 93% used [0x00000000ebe80000,0x00000000ebef8000,0x00000000ebf00000)
  to   space 2048K, 0% used [0x00000000ebb00000,0x00000000ebb00000,0x00000000ebd00000)
 ParOldGen       total 116224K, used 81861K [0x00000000c0000000, 0x00000000c7180000, 0x00000000eab00000)
  object space 116224K, 70% used [0x00000000c0000000,0x00000000c4ff17c8,0x00000000c7180000)
 Metaspace       used 71144K, committed 72256K, reserved 1114112K
  class space    used 7426K, committed 7936K, reserved 1048576K
}
Event: 177.365 GC heap after
{Heap after GC invocations=48 (full 5):
 PSYoungGen      total 14848K, used 1554K [0x00000000eab00000, 0x00000000ebf00000, 0x0000000100000000)
  eden space 12800K, 0% used [0x00000000eab00000,0x00000000eab00000,0x00000000eb780000)
  from space 2048K, 75% used [0x00000000ebb00000,0x00000000ebc84b98,0x00000000ebd00000)
  to   space 2048K, 0% used [0x00000000ebd00000,0x00000000ebd00000,0x00000000ebf00000)
 ParOldGen       total 116224K, used 82185K [0x00000000c0000000, 0x00000000c7180000, 0x00000000eab00000)
  object space 116224K, 70% used [0x00000000c0000000,0x00000000c5042720,0x00000000c7180000)
 Metaspace       used 71144K, committed 72256K, reserved 1114112K
  class space    used 7426K, committed 7936K, reserved 1048576K
}
Event: 182.852 GC heap before
{Heap before GC invocations=49 (full 5):
 PSYoungGen      total 14848K, used 14354K [0x00000000eab00000, 0x00000000ebf00000, 0x0000000100000000)
  eden space 12800K, 100% used [0x00000000eab00000,0x00000000eb780000,0x00000000eb780000)
  from space 2048K, 75% used [0x00000000ebb00000,0x00000000ebc84b98,0x00000000ebd00000)
  to   space 2048K, 0% used [0x00000000ebd00000,0x00000000ebd00000,0x00000000ebf00000)
 ParOldGen       total 116224K, used 82185K [0x00000000c0000000, 0x00000000c7180000, 0x00000000eab00000)
  object space 116224K, 70% used [0x00000000c0000000,0x00000000c5042720,0x00000000c7180000)
 Metaspace       used 71699K, committed 72896K, reserved 1114112K
  class space    used 7467K, committed 8000K, reserved 1048576K
}
Event: 182.855 GC heap after
{Heap after GC invocations=49 (full 5):
 PSYoungGen      total 13824K, used 866K [0x00000000eab00000, 0x00000000ebe00000, 0x0000000100000000)
  eden space 12800K, 0% used [0x00000000eab00000,0x00000000eab00000,0x00000000eb780000)
  from space 1024K, 84% used [0x00000000ebd00000,0x00000000ebdd8bc8,0x00000000ebe00000)
  to   space 1536K, 0% used [0x00000000ebb00000,0x00000000ebb00000,0x00000000ebc80000)
 ParOldGen       total 116224K, used 83304K [0x00000000c0000000, 0x00000000c7180000, 0x00000000eab00000)
  object space 116224K, 71% used [0x00000000c0000000,0x00000000c515a098,0x00000000c7180000)
 Metaspace       used 71699K, committed 72896K, reserved 1114112K
  class space    used 7467K, committed 8000K, reserved 1048576K
}

Dll operation events (12 events):
Event: 0.075 Loaded shared library c:\Users\nguye\.vscode\extensions\redhat.java-1.37.2024112308-win32-x64\jre\17.0.13-win32-x86_64\bin\java.dll
Event: 1.031 Loaded shared library c:\Users\nguye\.vscode\extensions\redhat.java-1.37.2024112308-win32-x64\jre\17.0.13-win32-x86_64\bin\zip.dll
Event: 1.043 Loaded shared library C:\Users\nguye\.vscode\extensions\redhat.java-1.37.2024112308-win32-x64\jre\17.0.13-win32-x86_64\bin\instrument.dll
Event: 1.193 Loaded shared library C:\Users\nguye\.vscode\extensions\redhat.java-1.37.2024112308-win32-x64\jre\17.0.13-win32-x86_64\bin\net.dll
Event: 1.197 Loaded shared library C:\Users\nguye\.vscode\extensions\redhat.java-1.37.2024112308-win32-x64\jre\17.0.13-win32-x86_64\bin\nio.dll
Event: 1.221 Loaded shared library C:\Users\nguye\.vscode\extensions\redhat.java-1.37.2024112308-win32-x64\jre\17.0.13-win32-x86_64\bin\zip.dll
Event: 1.390 Loaded shared library C:\Users\nguye\.vscode\extensions\redhat.java-1.37.2024112308-win32-x64\jre\17.0.13-win32-x86_64\bin\jimage.dll
Event: 1.631 Loaded shared library c:\Users\nguye\.vscode\extensions\redhat.java-1.37.2024112308-win32-x64\jre\17.0.13-win32-x86_64\bin\verify.dll
Event: 5.309 Loaded shared library C:\Users\nguye\AppData\Roaming\Code\User\globalStorage\redhat.java\1.37.2024112308\config_win\org.eclipse.equinox.launcher\org.eclipse.equinox.launcher.win32.win32.x86_64_1.2.1100.v20240722-2106\eclipse_11904.dll
Event: 10.191 Loaded shared library C:\Users\nguye\AppData\Local\Temp\jna-104772072\jna5451826418283138795.dll
Event: 21.020 Loaded shared library C:\Users\nguye\.vscode\extensions\redhat.java-1.37.2024112308-win32-x64\jre\17.0.13-win32-x86_64\bin\management.dll
Event: 21.028 Loaded shared library C:\Users\nguye\.vscode\extensions\redhat.java-1.37.2024112308-win32-x64\jre\17.0.13-win32-x86_64\bin\management_ext.dll

Deoptimization events (20 events):
Event: 180.725 Thread 0x000001b9c8a5c340 DEOPT PACKING pc=0x000001b9b1fc4742 sp=0x00000098290fe3b0
Event: 180.725 Thread 0x000001b9c8a5c340 DEOPT UNPACKING pc=0x000001b9b8966e43 sp=0x00000098290fd850 mode 0
Event: 181.800 Thread 0x000001b9c88fec20 Uncommon trap: trap_request=0xffffff45 fr.pc=0x000001b9b90e6534 relative=0x0000000000000314
Event: 181.800 Thread 0x000001b9c88fec20 Uncommon trap: reason=unstable_if action=reinterpret pc=0x000001b9b90e6534 method=org.eclipse.jdt.internal.compiler.util.HashtableOfObject.putUnsafely([CLjava/lang/Object;)V @ 23 c2
Event: 181.800 Thread 0x000001b9c88fec20 DEOPT PACKING pc=0x000001b9b90e6534 sp=0x000000982b1feec0
Event: 181.800 Thread 0x000001b9c88fec20 DEOPT UNPACKING pc=0x000001b9b89666a3 sp=0x000000982b1fee50 mode 2
Event: 182.826 Thread 0x000001b9c88fdcf0 DEOPT PACKING pc=0x000001b9b221dd85 sp=0x000000982aefe590
Event: 182.826 Thread 0x000001b9c88fdcf0 DEOPT UNPACKING pc=0x000001b9b8966e43 sp=0x000000982aefdb18 mode 0
Event: 182.863 Thread 0x000001b9c88fdcf0 Uncommon trap: trap_request=0xffffffd6 fr.pc=0x000001b9b93d2ccc relative=0x000000000000050c
Event: 182.863 Thread 0x000001b9c88fdcf0 Uncommon trap: reason=array_check action=maybe_recompile pc=0x000001b9b93d2ccc method=java.util.TimSort.binarySort([Ljava/lang/Object;IIILjava/util/Comparator;)V @ 215 c2
Event: 182.863 Thread 0x000001b9c88fdcf0 DEOPT PACKING pc=0x000001b9b93d2ccc sp=0x000000982aefe9d0
Event: 182.863 Thread 0x000001b9c88fdcf0 DEOPT UNPACKING pc=0x000001b9b89666a3 sp=0x000000982aefe968 mode 2
Event: 182.866 Thread 0x000001b9c88fdcf0 Uncommon trap: trap_request=0xffffffd6 fr.pc=0x000001b9b93d2ccc relative=0x000000000000050c
Event: 182.866 Thread 0x000001b9c88fdcf0 Uncommon trap: reason=array_check action=maybe_recompile pc=0x000001b9b93d2ccc method=java.util.TimSort.binarySort([Ljava/lang/Object;IIILjava/util/Comparator;)V @ 215 c2
Event: 182.866 Thread 0x000001b9c88fdcf0 DEOPT PACKING pc=0x000001b9b93d2ccc sp=0x000000982aefe490
Event: 182.866 Thread 0x000001b9c88fdcf0 DEOPT UNPACKING pc=0x000001b9b89666a3 sp=0x000000982aefe428 mode 2
Event: 182.872 Thread 0x000001b9c88fdcf0 Uncommon trap: trap_request=0xffffffd6 fr.pc=0x000001b9b92c3cd4 relative=0x0000000000000a94
Event: 182.872 Thread 0x000001b9c88fdcf0 Uncommon trap: reason=array_check action=maybe_recompile pc=0x000001b9b92c3cd4 method=java.util.TimSort.binarySort([Ljava/lang/Object;IIILjava/util/Comparator;)V @ 215 c2
Event: 182.872 Thread 0x000001b9c88fdcf0 DEOPT PACKING pc=0x000001b9b92c3cd4 sp=0x000000982aefe490
Event: 182.872 Thread 0x000001b9c88fdcf0 DEOPT UNPACKING pc=0x000001b9b89666a3 sp=0x000000982aefe448 mode 2

Classes loaded (20 events):
Event: 46.194 Loading class com/sun/crypto/provider/FeedbackCipher done
Event: 46.194 Loading class com/sun/crypto/provider/ElectronicCodeBook done
Event: 46.194 Loading class com/sun/crypto/provider/PKCS5Padding
Event: 46.195 Loading class com/sun/crypto/provider/Padding
Event: 46.195 Loading class com/sun/crypto/provider/Padding done
Event: 46.195 Loading class com/sun/crypto/provider/PKCS5Padding done
Event: 46.195 Loading class com/sun/crypto/provider/CipherBlockChaining
Event: 46.195 Loading class com/sun/crypto/provider/CipherBlockChaining done
Event: 46.196 Loading class javax/crypto/NullCipher
Event: 46.196 Loading class javax/crypto/NullCipher done
Event: 46.196 Loading class sun/security/util/ArrayUtil
Event: 46.197 Loading class sun/security/util/ArrayUtil done
Event: 47.018 Loading class java/util/zip/CheckedInputStream
Event: 47.019 Loading class java/util/zip/CheckedInputStream done
Event: 47.367 Loading class java/util/zip/GZIPInputStream$1
Event: 47.368 Loading class java/util/zip/GZIPInputStream$1 done
Event: 69.257 Loading class java/util/regex/Pattern$1
Event: 69.258 Loading class java/util/regex/Pattern$1 done
Event: 173.270 Loading class jdk/internal/ref/CleanerImpl$InnocuousThreadFactory
Event: 173.270 Loading class jdk/internal/ref/CleanerImpl$InnocuousThreadFactory done

Classes unloaded (11 events):
Event: 14.303 Thread 0x000001b9c256cae0 Unloading class 0x000000010035a400 'java/lang/invoke/LambdaForm$MH+0x000000010035a400'
Event: 14.303 Thread 0x000001b9c256cae0 Unloading class 0x0000000100359800 'java/lang/invoke/LambdaForm$MH+0x0000000100359800'
Event: 14.303 Thread 0x000001b9c256cae0 Unloading class 0x0000000100359000 'java/lang/invoke/LambdaForm$DMH+0x0000000100359000'
Event: 14.303 Thread 0x000001b9c256cae0 Unloading class 0x0000000100358800 'java/lang/invoke/LambdaForm$MH+0x0000000100358800'
Event: 14.303 Thread 0x000001b9c256cae0 Unloading class 0x000000010025a000 'java/lang/invoke/LambdaForm$MH+0x000000010025a000'
Event: 14.303 Thread 0x000001b9c256cae0 Unloading class 0x0000000100259c00 'java/lang/invoke/LambdaForm$MH+0x0000000100259c00'
Event: 14.303 Thread 0x000001b9c256cae0 Unloading class 0x0000000100259800 'java/lang/invoke/LambdaForm$MH+0x0000000100259800'
Event: 14.303 Thread 0x000001b9c256cae0 Unloading class 0x0000000100259400 'java/lang/invoke/LambdaForm$MH+0x0000000100259400'
Event: 14.303 Thread 0x000001b9c256cae0 Unloading class 0x0000000100259000 'java/lang/invoke/LambdaForm$BMH+0x0000000100259000'
Event: 14.303 Thread 0x000001b9c256cae0 Unloading class 0x0000000100258c00 'java/lang/invoke/LambdaForm$DMH+0x0000000100258c00'
Event: 14.303 Thread 0x000001b9c256cae0 Unloading class 0x0000000100254400 'java/lang/invoke/LambdaForm$DMH+0x0000000100254400'

Classes redefined (0 events):
No events

Internal exceptions (20 events):
Event: 45.489 Thread 0x000001b9c88ff130 Exception <a 'sun/nio/fs/WindowsException'{0x00000000eb5132c8}> (0x00000000eb5132c8) 
thrown [s\src\hotspot\share\prims\jni.cpp, line 516]
Event: 45.489 Thread 0x000001b9c88ff130 Exception <a 'sun/nio/fs/WindowsException'{0x00000000eb525a20}> (0x00000000eb525a20) 
thrown [s\src\hotspot\share\prims\jni.cpp, line 516]
Event: 45.489 Thread 0x000001b9c88ff130 Exception <a 'sun/nio/fs/WindowsException'{0x00000000eb525f60}> (0x00000000eb525f60) 
thrown [s\src\hotspot\share\prims\jni.cpp, line 516]
Event: 45.672 Thread 0x000001b9c88ff130 Exception <a 'sun/nio/fs/WindowsException'{0x00000000eb738010}> (0x00000000eb738010) 
thrown [s\src\hotspot\share\prims\jni.cpp, line 516]
Event: 45.673 Thread 0x000001b9c88ff130 Exception <a 'sun/nio/fs/WindowsException'{0x00000000eb738550}> (0x00000000eb738550) 
thrown [s\src\hotspot\share\prims\jni.cpp, line 516]
Event: 45.960 Thread 0x000001b9c8a5b410 Exception <a 'sun/nio/fs/WindowsException'{0x00000000eada4c30}> (0x00000000eada4c30) 
thrown [s\src\hotspot\share\prims\jni.cpp, line 516]
Event: 45.960 Thread 0x000001b9c8a5b410 Exception <a 'sun/nio/fs/WindowsException'{0x00000000eada5438}> (0x00000000eada5438) 
thrown [s\src\hotspot\share\prims\jni.cpp, line 516]
Event: 45.960 Thread 0x000001b9c8a5b410 Exception <a 'sun/nio/fs/WindowsException'{0x00000000eada6248}> (0x00000000eada6248) 
thrown [s\src\hotspot\share\prims\jni.cpp, line 516]
Event: 45.960 Thread 0x000001b9c8a5b410 Exception <a 'sun/nio/fs/WindowsException'{0x00000000eada6a30}> (0x00000000eada6a30) 
thrown [s\src\hotspot\share\prims\jni.cpp, line 516]
Event: 45.961 Thread 0x000001b9c8a5b410 Exception <a 'sun/nio/fs/WindowsException'{0x00000000eadaf088}> (0x00000000eadaf088) 
thrown [s\src\hotspot\share\prims\jni.cpp, line 516]
Event: 45.961 Thread 0x000001b9c8a5b410 Exception <a 'sun/nio/fs/WindowsException'{0x00000000eadaf870}> (0x00000000eadaf870) 
thrown [s\src\hotspot\share\prims\jni.cpp, line 516]
Event: 46.012 Thread 0x000001b9c88ff130 Exception <a 'java/lang/NoSuchMethodError'{0x00000000eaca3188}: 'java.lang.Object java.lang.invoke.DirectMethodHandle$Holder.invokeStatic(java.lang.Object, java.lang.Object, int, java.lang.Object)'> (0x00000000eaca3188) 
thrown [s\src\hotspot\share\interpreter\linkResolver.cpp, line 759]
Event: 46.018 Thread 0x000001b9c88ff130 Exception <a 'java/lang/NoSuchMethodError'{0x00000000eae74760}: 'java.lang.Object java.lang.invoke.DirectMethodHandle$Holder.newInvokeSpecial(java.lang.Object, java.lang.Object, int)'> (0x00000000eae74760) 
thrown [s\src\hotspot\share\interpreter\linkResolver.cpp, line 759]
Event: 46.049 Thread 0x000001b9c8a553e0 Exception <a 'sun/nio/fs/WindowsException'{0x00000000eb087580}> (0x00000000eb087580) 
thrown [s\src\hotspot\share\prims\jni.cpp, line 516]
Event: 69.285 Thread 0x000001b9c8a5b410 Exception <a 'java/lang/ArrayIndexOutOfBoundsException'{0x00000000eb10ff90}: Index 9639 out of bounds for length 9638> (0x00000000eb10ff90) 
thrown [s\src\hotspot\share\interpreter\interpreterRuntime.cpp, line 428]
Event: 173.498 Thread 0x000001b9c8a5be30 Exception <a 'java/lang/NoSuchMethodError'{0x00000000eaff1f38}: 'java.lang.Object java.lang.invoke.DirectMethodHandle$Holder.invokeStatic(java.lang.Object, int, java.lang.Object, java.lang.Object, java.lang.Object, java.lang.Object)'> (0x00000000eaff1f38) 
thrown [s\src\hotspot\share\interpreter\linkResolver.cpp, line 759]
Event: 177.944 Thread 0x000001b9c88fec20 Implicit null exception at 0x000001b9b9309134 to 0x000001b9b930954c
Event: 177.949 Thread 0x000001b9c88fec20 Implicit null exception at 0x000001b9b91dfd97 to 0x000001b9b91e09f8
Event: 177.950 Thread 0x000001b9c88fec20 Implicit null exception at 0x000001b9b9292ecf to 0x000001b9b92933e0
Event: 180.522 Thread 0x000001b9c8a5c340 Implicit null exception at 0x000001b9b92ee402 to 0x000001b9b92ee6a4

VM Operations (20 events):
Event: 176.181 Executing VM operation: Cleanup
Event: 176.184 Executing VM operation: Cleanup done
Event: 177.184 Executing VM operation: Cleanup
Event: 177.184 Executing VM operation: Cleanup done
Event: 177.360 Executing VM operation: ParallelGCFailedAllocation
Event: 177.365 Executing VM operation: ParallelGCFailedAllocation done
Event: 177.832 Executing VM operation: HandshakeAllThreads
Event: 177.832 Executing VM operation: HandshakeAllThreads done
Event: 178.838 Executing VM operation: Cleanup
Event: 178.838 Executing VM operation: Cleanup done
Event: 180.508 Executing VM operation: HandshakeAllThreads
Event: 181.787 Executing VM operation: HandshakeAllThreads done
Event: 181.787 Executing VM operation: Cleanup
Event: 181.797 Executing VM operation: Cleanup done
Event: 182.798 Executing VM operation: Cleanup
Event: 182.798 Executing VM operation: Cleanup done
Event: 182.851 Executing VM operation: ParallelGCFailedAllocation
Event: 182.855 Executing VM operation: ParallelGCFailedAllocation done
Event: 183.856 Executing VM operation: Cleanup
Event: 183.856 Executing VM operation: Cleanup done

Memory protections (0 events):
No events

Nmethod flushes (20 events):
Event: 48.275 Thread 0x000001b9c77cad20 flushing  nmethod 0x000001b9b237ba90
Event: 48.275 Thread 0x000001b9c77cad20 flushing  nmethod 0x000001b9b237ca90
Event: 48.275 Thread 0x000001b9c77cad20 flushing  nmethod 0x000001b9b2380c10
Event: 48.275 Thread 0x000001b9c77cad20 flushing  nmethod 0x000001b9b2398610
Event: 48.275 Thread 0x000001b9c77cad20 flushing  nmethod 0x000001b9b2398b90
Event: 48.275 Thread 0x000001b9c77cad20 flushing  nmethod 0x000001b9b239a890
Event: 48.275 Thread 0x000001b9c77cad20 flushing  nmethod 0x000001b9b23bd110
Event: 48.275 Thread 0x000001b9c77cad20 flushing  nmethod 0x000001b9b2420310
Event: 48.275 Thread 0x000001b9c77cad20 flushing  nmethod 0x000001b9b2423b90
Event: 48.275 Thread 0x000001b9c77cad20 flushing  nmethod 0x000001b9b2424b90
Event: 172.564 Thread 0x000001b9c77cad20 flushing  nmethod 0x000001b9b92f3110
Event: 172.564 Thread 0x000001b9c77cad20 flushing  nmethod 0x000001b9b1401490
Event: 172.568 Thread 0x000001b9c77cad20 flushing  nmethod 0x000001b9b1656a90
Event: 172.573 Thread 0x000001b9c77cad20 flushing  nmethod 0x000001b9b19be890
Event: 172.576 Thread 0x000001b9c77cad20 flushing  nmethod 0x000001b9b1c3a990
Event: 172.577 Thread 0x000001b9c77cad20 flushing  nmethod 0x000001b9b1d4c390
Event: 172.578 Thread 0x000001b9c77cad20 flushing  nmethod 0x000001b9b1e03710
Event: 172.585 Thread 0x000001b9c77cad20 flushing  nmethod 0x000001b9b2431190
Event: 172.585 Thread 0x000001b9c77cad20 flushing  nmethod 0x000001b9b2431610
Event: 172.585 Thread 0x000001b9c77cad20 flushing osr nmethod 0x000001b9b2432d10

Events (20 events):
Event: 44.153 Thread 0x000001b9c7ce2e40 Thread exited: 0x000001b9c7ce2e40
Event: 45.487 Thread 0x000001b9c8a57750 Thread added: 0x000001b9c8a5b410
Event: 45.624 Thread 0x000001b9c8a57750 Thread added: 0x000001b9c8a5be30
Event: 45.739 Thread 0x000001b9c8a5b410 Thread added: 0x000001b9c8a553e0
Event: 47.121 Thread 0x000001b9c25deab0 Thread added: 0x000001b9c93e3fa0
Event: 48.791 Thread 0x000001b9c8a553e0 Thread exited: 0x000001b9c8a553e0
Event: 53.826 Thread 0x000001b9c93e3fa0 Thread exited: 0x000001b9c93e3fa0
Event: 96.284 Thread 0x000001b9c8a58680 Thread exited: 0x000001b9c8a58680
Event: 105.957 Thread 0x000001b9c88ffb50 Thread exited: 0x000001b9c88ffb50
Event: 106.847 Thread 0x000001b9c88fc8b0 Thread exited: 0x000001b9c88fc8b0
Event: 106.847 Thread 0x000001b9c88fd7e0 Thread exited: 0x000001b9c88fd7e0
Event: 130.164 Thread 0x000001b9c8a5b410 Thread exited: 0x000001b9c8a5b410
Event: 171.564 Thread 0x000001b9c25deab0 Thread added: 0x000001b9c8c342c0
Event: 172.181 Thread 0x000001b9c8a57750 Thread added: 0x000001b9c8a5a9f0
Event: 173.271 Thread 0x000001b9c8a5be30 Thread added: 0x000001b9c8a595b0
Event: 175.687 Thread 0x000001b9c8c342c0 Thread exited: 0x000001b9c8c342c0
Event: 175.716 Thread 0x000001b9c25deab0 Thread added: 0x000001b9c8c342c0
Event: 177.187 Thread 0x000001b9c88fdcf0 Thread added: 0x000001b9c8a59fd0
Event: 180.418 Thread 0x000001b9c8c342c0 Thread exited: 0x000001b9c8c342c0
Event: 180.424 Thread 0x000001b9c88fdcf0 Thread added: 0x000001b9c8a5c340


Dynamic libraries:
0x00007ff7653a0000 - 0x00007ff7653ae000 	c:\Users\nguye\.vscode\extensions\redhat.java-1.37.2024112308-win32-x64\jre\17.0.13-win32-x86_64\bin\java.exe
0x00007ff9c9770000 - 0x00007ff9c9968000 	C:\WINDOWS\SYSTEM32\ntdll.dll
0x00007ff9c8060000 - 0x00007ff9c8122000 	C:\WINDOWS\System32\KERNEL32.DLL
0x00007ff9c7230000 - 0x00007ff9c752e000 	C:\WINDOWS\System32\KERNELBASE.dll
0x00007ff9c6e10000 - 0x00007ff9c6f10000 	C:\WINDOWS\System32\ucrtbase.dll
0x00007ff9bb270000 - 0x00007ff9bb287000 	c:\Users\nguye\.vscode\extensions\redhat.java-1.37.2024112308-win32-x64\jre\17.0.13-win32-x86_64\bin\jli.dll
0x00007ff9c78c0000 - 0x00007ff9c7a5d000 	C:\WINDOWS\System32\USER32.dll
0x00007ff9c7530000 - 0x00007ff9c7552000 	C:\WINDOWS\System32\win32u.dll
0x00007ff9c7fa0000 - 0x00007ff9c7fcb000 	C:\WINDOWS\System32\GDI32.dll
0x00007ff9c6f10000 - 0x00007ff9c7027000 	C:\WINDOWS\System32\gdi32full.dll
0x00007ff9c7190000 - 0x00007ff9c722d000 	C:\WINDOWS\System32\msvcp_win.dll
0x00007ff9b51c0000 - 0x00007ff9b51de000 	c:\Users\nguye\.vscode\extensions\redhat.java-1.37.2024112308-win32-x64\jre\17.0.13-win32-x86_64\bin\VCRUNTIME140.dll
0x00007ff9b56a0000 - 0x00007ff9b593a000 	C:\WINDOWS\WinSxS\amd64_microsoft.windows.common-controls_6595b64144ccf1df_6.0.19041.4355_none_60b8b9eb71f62e16\COMCTL32.dll
0x00007ff9c9690000 - 0x00007ff9c972e000 	C:\WINDOWS\System32\msvcrt.dll
0x00007ff9c95a0000 - 0x00007ff9c95cf000 	C:\WINDOWS\System32\IMM32.DLL
0x00007ff9bd790000 - 0x00007ff9bd79c000 	c:\Users\nguye\.vscode\extensions\redhat.java-1.37.2024112308-win32-x64\jre\17.0.13-win32-x86_64\bin\vcruntime140_1.dll
0x00007ff99dcd0000 - 0x00007ff99dd5d000 	c:\Users\nguye\.vscode\extensions\redhat.java-1.37.2024112308-win32-x64\jre\17.0.13-win32-x86_64\bin\msvcp140.dll
0x00007ff967620000 - 0x00007ff96828b000 	c:\Users\nguye\.vscode\extensions\redhat.java-1.37.2024112308-win32-x64\jre\17.0.13-win32-x86_64\bin\server\jvm.dll
0x00007ff9c95d0000 - 0x00007ff9c9681000 	C:\WINDOWS\System32\ADVAPI32.dll
0x00007ff9c8cf0000 - 0x00007ff9c8d8f000 	C:\WINDOWS\System32\sechost.dll
0x00007ff9c7790000 - 0x00007ff9c78b3000 	C:\WINDOWS\System32\RPCRT4.dll
0x00007ff9c76f0000 - 0x00007ff9c7717000 	C:\WINDOWS\System32\bcrypt.dll
0x00007ff9c7a70000 - 0x00007ff9c7adb000 	C:\WINDOWS\System32\WS2_32.dll
0x00007ff9c6350000 - 0x00007ff9c639b000 	C:\WINDOWS\SYSTEM32\POWRPROF.dll
0x00007ff9c08f0000 - 0x00007ff9c08fa000 	C:\WINDOWS\SYSTEM32\VERSION.dll
0x00007ff9ba480000 - 0x00007ff9ba4a7000 	C:\WINDOWS\SYSTEM32\WINMM.dll
0x00007ff9c6210000 - 0x00007ff9c6222000 	C:\WINDOWS\SYSTEM32\UMPDC.dll
0x00007ff9c4c90000 - 0x00007ff9c4ca2000 	C:\WINDOWS\SYSTEM32\kernel.appcore.dll
0x00007ff9bb3e0000 - 0x00007ff9bb3ea000 	c:\Users\nguye\.vscode\extensions\redhat.java-1.37.2024112308-win32-x64\jre\17.0.13-win32-x86_64\bin\jimage.dll
0x00007ff9a66b0000 - 0x00007ff9a6894000 	C:\WINDOWS\SYSTEM32\DBGHELP.DLL
0x00007ff9a6670000 - 0x00007ff9a66a4000 	C:\WINDOWS\SYSTEM32\dbgcore.DLL
0x00007ff9c7610000 - 0x00007ff9c7692000 	C:\WINDOWS\System32\bcryptPrimitives.dll
0x00007ff9bb310000 - 0x00007ff9bb31e000 	c:\Users\nguye\.vscode\extensions\redhat.java-1.37.2024112308-win32-x64\jre\17.0.13-win32-x86_64\bin\instrument.dll
0x00007ff9b3fa0000 - 0x00007ff9b3fc5000 	c:\Users\nguye\.vscode\extensions\redhat.java-1.37.2024112308-win32-x64\jre\17.0.13-win32-x86_64\bin\java.dll
0x00007ff9b4fe0000 - 0x00007ff9b4ff8000 	c:\Users\nguye\.vscode\extensions\redhat.java-1.37.2024112308-win32-x64\jre\17.0.13-win32-x86_64\bin\zip.dll
0x00007ff9c81c0000 - 0x00007ff9c892d000 	C:\WINDOWS\System32\SHELL32.dll
0x00007ff9c4e90000 - 0x00007ff9c5633000 	C:\WINDOWS\SYSTEM32\windows.storage.dll
0x00007ff9c8990000 - 0x00007ff9c8ce3000 	C:\WINDOWS\System32\combase.dll
0x00007ff9c6840000 - 0x00007ff9c686e000 	C:\WINDOWS\SYSTEM32\Wldp.dll
0x00007ff9c7c00000 - 0x00007ff9c7ccd000 	C:\WINDOWS\System32\OLEAUT32.dll
0x00007ff9c8db0000 - 0x00007ff9c8e5d000 	C:\WINDOWS\System32\SHCORE.dll
0x00007ff9c9410000 - 0x00007ff9c9465000 	C:\WINDOWS\System32\shlwapi.dll
0x00007ff9c6d40000 - 0x00007ff9c6d64000 	C:\WINDOWS\SYSTEM32\profapi.dll
0x00007ff9acf10000 - 0x00007ff9acf29000 	C:\Users\nguye\.vscode\extensions\redhat.java-1.37.2024112308-win32-x64\jre\17.0.13-win32-x86_64\bin\net.dll
0x00007ff9be180000 - 0x00007ff9be28d000 	C:\WINDOWS\SYSTEM32\WINHTTP.dll
0x00007ff9c65a0000 - 0x00007ff9c660a000 	C:\WINDOWS\system32\mswsock.dll
0x00007ff9a7240000 - 0x00007ff9a7256000 	C:\Users\nguye\.vscode\extensions\redhat.java-1.37.2024112308-win32-x64\jre\17.0.13-win32-x86_64\bin\nio.dll
0x00007ff9bb2c0000 - 0x00007ff9bb2d0000 	c:\Users\nguye\.vscode\extensions\redhat.java-1.37.2024112308-win32-x64\jre\17.0.13-win32-x86_64\bin\verify.dll
0x00007ff9a1190000 - 0x00007ff9a11d5000 	C:\Users\nguye\AppData\Roaming\Code\User\globalStorage\redhat.java\1.37.2024112308\config_win\org.eclipse.equinox.launcher\org.eclipse.equinox.launcher.win32.win32.x86_64_1.2.1100.v20240722-2106\eclipse_11904.dll
0x00007ff9c9470000 - 0x00007ff9c959b000 	C:\WINDOWS\System32\ole32.dll
0x00007ff9c6790000 - 0x00007ff9c67a8000 	C:\WINDOWS\SYSTEM32\CRYPTSP.dll
0x00007ff9c5e50000 - 0x00007ff9c5e84000 	C:\WINDOWS\system32\rsaenh.dll
0x00007ff9c6d00000 - 0x00007ff9c6d2e000 	C:\WINDOWS\SYSTEM32\USERENV.dll
0x00007ff9c67b0000 - 0x00007ff9c67bc000 	C:\WINDOWS\SYSTEM32\CRYPTBASE.dll
0x00007ff9c6230000 - 0x00007ff9c626b000 	C:\WINDOWS\SYSTEM32\IPHLPAPI.DLL
0x00007ff9c7cd0000 - 0x00007ff9c7cd8000 	C:\WINDOWS\System32\NSI.dll
0x00007ff9bed90000 - 0x00007ff9beda7000 	C:\WINDOWS\SYSTEM32\dhcpcsvc6.DLL
0x00007ff9c0050000 - 0x00007ff9c006d000 	C:\WINDOWS\SYSTEM32\dhcpcsvc.DLL
0x00007ff9c6280000 - 0x00007ff9c634a000 	C:\WINDOWS\SYSTEM32\DNSAPI.dll
0x00007ff99be00000 - 0x00007ff99be49000 	C:\Users\nguye\AppData\Local\Temp\jna-104772072\jna5451826418283138795.dll
0x00007ff9c7a60000 - 0x00007ff9c7a68000 	C:\WINDOWS\System32\PSAPI.DLL
0x00007ff9c2680000 - 0x00007ff9c268a000 	C:\Users\nguye\.vscode\extensions\redhat.java-1.37.2024112308-win32-x64\jre\17.0.13-win32-x86_64\bin\management.dll
0x00007ff9baeb0000 - 0x00007ff9baebb000 	C:\Users\nguye\.vscode\extensions\redhat.java-1.37.2024112308-win32-x64\jre\17.0.13-win32-x86_64\bin\management_ext.dll

dbghelp: loaded successfully - version: 4.0.5 - missing functions: none
symbol engine: initialized successfully - sym options: 0x614 - pdb path: .;c:\Users\nguye\.vscode\extensions\redhat.java-1.37.2024112308-win32-x64\jre\17.0.13-win32-x86_64\bin;C:\WINDOWS\SYSTEM32;C:\WINDOWS\WinSxS\amd64_microsoft.windows.common-controls_6595b64144ccf1df_6.0.19041.4355_none_60b8b9eb71f62e16;c:\Users\nguye\.vscode\extensions\redhat.java-1.37.2024112308-win32-x64\jre\17.0.13-win32-x86_64\bin\server;C:\Users\nguye\AppData\Roaming\Code\User\globalStorage\redhat.java\1.37.2024112308\config_win\org.eclipse.equinox.launcher\org.eclipse.equinox.launcher.win32.win32.x86_64_1.2.1100.v20240722-2106;C:\Users\nguye\AppData\Local\Temp\jna-104772072

VM Arguments:
jvm_args: --add-modules=ALL-SYSTEM --add-opens=java.base/java.util=ALL-UNNAMED --add-opens=java.base/java.lang=ALL-UNNAMED --add-opens=java.base/sun.nio.fs=ALL-UNNAMED -Declipse.application=org.eclipse.jdt.ls.core.id1 -Dosgi.bundles.defaultStartLevel=4 -Declipse.product=org.eclipse.jdt.ls.core.product -Djava.import.generatesMetadataFilesAtProjectRoot=false -DDetectVMInstallationsJob.disabled=true -Dfile.encoding=utf8 -XX:+UseParallelGC -XX:GCTimeRatio=4 -XX:AdaptiveSizePolicyWeight=90 -Dsun.zip.disableMemoryMapping=true -Xmx1G -Xms100m -Xlog:disable -javaagent:c:\Users\nguye\.vscode\extensions\redhat.java-1.37.2024112308-win32-x64\lombok\lombok-1.18.34.jar -XX:+HeapDumpOnOutOfMemoryError -XX:HeapDumpPath=c:\Users\nguye\AppData\Roaming\Code\User\workspaceStorage\3e5a0063112c3fdc6b55e54afa80c020\redhat.java -Daether.dependencyCollector.impl=bf 
java_command: c:\Users\nguye\.vscode\extensions\redhat.java-1.37.2024112308-win32-x64\server\plugins\org.eclipse.equinox.launcher_1.6.900.v20240613-2009.jar -configuration c:\Users\nguye\AppData\Roaming\Code\User\globalStorage\redhat.java\1.37.2024112308\config_win -data c:\Users\nguye\AppData\Roaming\Code\User\workspaceStorage\3e5a0063112c3fdc6b55e54afa80c020\redhat.java\jdt_ws --pipe=\\.\pipe\lsp-74720cfc191838355848a5ffb1b7bbc5-sock
java_class_path (initial): c:\Users\nguye\.vscode\extensions\redhat.java-1.37.2024112308-win32-x64\server\plugins\org.eclipse.equinox.launcher_1.6.900.v20240613-2009.jar
Launcher Type: SUN_STANDARD

[Global flags]
    uintx AdaptiveSizePolicyWeight                 = 90                                        {product} {command line}
     intx CICompilerCount                          = 3                                         {product} {ergonomic}
    uintx GCTimeRatio                              = 4                                         {product} {command line}
     bool HeapDumpOnOutOfMemoryError               = true                                   {manageable} {command line}
    ccstr HeapDumpPath                             = c:\Users\nguye\AppData\Roaming\Code\User\workspaceStorage\3e5a0063112c3fdc6b55e54afa80c020\redhat.java         {manageable} {command line}
   size_t InitialHeapSize                          = 104857600                                 {product} {command line}
   size_t MaxHeapSize                              = 1073741824                                {product} {command line}
   size_t MaxNewSize                               = 357564416                                 {product} {ergonomic}
   size_t MinHeapDeltaBytes                        = 524288                                    {product} {ergonomic}
   size_t MinHeapSize                              = 104857600                                 {product} {command line}
   size_t NewSize                                  = 34603008                                  {product} {ergonomic}
    uintx NonNMethodCodeHeapSize                   = 5832780                                {pd product} {ergonomic}
    uintx NonProfiledCodeHeapSize                  = 122912730                              {pd product} {ergonomic}
   size_t OldSize                                  = 70254592                                  {product} {ergonomic}
    uintx ProfiledCodeHeapSize                     = 122912730                              {pd product} {ergonomic}
    uintx ReservedCodeCacheSize                    = 251658240                              {pd product} {ergonomic}
     bool SegmentedCodeCache                       = true                                      {product} {ergonomic}
   size_t SoftMaxHeapSize                          = 1073741824                             {manageable} {ergonomic}
     bool UseCompressedClassPointers               = true                           {product lp64_product} {ergonomic}
     bool UseCompressedOops                        = true                           {product lp64_product} {ergonomic}
     bool UseLargePagesIndividualAllocation        = false                                  {pd product} {ergonomic}
     bool UseParallelGC                            = true                                      {product} {command line}

Logging:
Log output configuration:
 #0: stdout all=off uptime,level,tags
 #1: stderr all=off uptime,level,tags

Environment Variables:
JAVA_HOME=D:\java\jdk-23
PATH=C:\Program Files\Common Files\Oracle\Java\javapath;D:\Java\jdk-23\bin;C:\Program Files (x86)\Common Files\Oracle\Java\javapath;D:\msys64\mingw64;C:\WINDOWS\system32;C:\WINDOWS;C:\WINDOWS\System32\Wbem;C:\WINDOWS\System32\WindowsPowerShell\v1.0\;C:\WINDOWS\System32\OpenSSH\;D:\msys64\mingw64\bin;C:\Program Files (x86)\Microsoft SQL Server\160\Tools\Binn\;C:\Program Files\Microsoft SQL Server\160\Tools\Binn\;C:\Program Files\Microsoft SQL Server\Client SDK\ODBC\170\Tools\Binn\;C:\Program Files\Microsoft SQL Server\160\DTS\Binn\;D:\Git\cmd;C:\Program Files\Cloudflare\Cloudflare WARP\;C:\Users\nguye\AppData\Local\Microsoft\WindowsApps;D:\Microsoft VS Code\bin;C:\Users\nguye\AppData\Local\GitHubDesktop\bin
USERNAME=nguye
OS=Windows_NT
PROCESSOR_IDENTIFIER=Intel64 Family 6 Model 78 Stepping 3, GenuineIntel
TMP=C:\Users\nguye\AppData\Local\Temp
TEMP=C:\Users\nguye\AppData\Local\Temp



Periodic native trim disabled


---------------  S Y S T E M  ---------------

OS:
 Windows 10 , 64 bit Build 19041 (10.0.19041.5198)
OS uptime: 1 days 9:47 hours

CPU: total 4 (initial active 4) (2 cores per cpu, 2 threads per core) family 6 model 78 stepping 3 microcode 0xcc, cx8, cmov, fxsr, ht, mmx, 3dnowpref, sse, sse2, sse3, ssse3, sse4.1, sse4.2, popcnt, lzcnt, tsc, tscinvbit, avx, avx2, aes, erms, clmul, bmi1, bmi2, rtm, adx, fma, vzeroupper, clflush, clflushopt
Processor Information for all 4 processors :
  Max Mhz: 2304, Current Mhz: 2304, Mhz Limit: 2304

Memory: 4k page, system-wide physical 3894M (325M free)
TotalPageFile size 12578M (AvailPageFile size 5M)
current process WorkingSet (physical memory assigned to process): 261M, peak: 317M
current process commit charge ("private bytes"): 368M, peak: 393M

vm_info: OpenJDK 64-Bit Server VM (17.0.13+11) for windows-amd64 JRE (17.0.13+11), built on Oct 16 2024 00:10:08 by "admin" with MS VC++ 17.7 (VS2022)

END.
